26.3024 	WARNING 	We strongly recommend you activate the PTB sound engine in PsychoPy prefs as the preferred audio engine. Its timing is vastly superior. Your prefs are currently set to use ['sounddevice', 'PTB', 'pyo', 'pygame'] (in that order).
58.2365 	WARNING 	User requested fullscreen with size [1024  768], but screen is actually [1920, 1080]. Using actual size
62.1945 	EXP 	Created window1 = Window(allowGUI=True, allowStencil=False, autoLog=True, backendConf=UNKNOWN, bitsMode=UNKNOWN, blendMode='avg', bpc=(8, 8, 8), color=array([0, 0, 0]), colorSpace='rgb', depthBits=8, fullscr=<method-wrapper '__getattribute__' of attributeSetter object at 0x00000148B3C8CD90>, gamma=None, gammaErrorPolicy='raise', lms=UNKNOWN, monitor=<psychopy.monitors.calibTools.Monitor object at 0x00000148B6042A00>, multiSample=False, name='window1', numSamples=2, pos=(0, 0), screen=0, size=array([1920, 1080]), stencilBits=0, stereo=False, units='height', useFBO=True, useRetina=False, viewOri=0.0, viewPos=None, viewScale=None, waitBlanking=True, winType='pyglet')
62.1946 	EXP 	window1: mouseVisible = True
62.1948 	EXP 	window1: mouseVisible = False
62.1948 	EXP 	window1: Attempting to measure frame rate of screen (0) ...
62.1948 	EXP 	window1: recordFrameIntervals = False
62.3605 	EXP 	window1: recordFrameIntervals = True
62.5434 	EXP 	Screen (0) actual frame rate measured at 60.24Hz
62.5435 	EXP 	window1: recordFrameIntervals = False
70.4514 	EXP 	Created fixation = ShapeStim(__class__=<class 'psychopy.visual.shape.ShapeStim'>, anchor=('center', 'center'), autoDraw=False, autoLog=True, closeShape=True, color=method-wrapper(...), colorSpace='rgb', contrast=None, depth=0.0, fillColor=array([1, 1, 1]), fillColorSpace='rgb', fillRGB=array([1, 1, 1]), interpolate=True, lineColor=array([1, 1, 1]), lineColorSpace='rgb', lineRGB=array([1, 1, 1]), lineWidth=1.0, name='fixation', opacity=1.0, ori=0.0, pos=array([0., 0.]), size=array([10., 10.]), units='height', vertices=ndarray(...), win=Window(...), windingRule=None)
70.6283 	EXP 	Created grating = GratingStim(__class__=<class 'psychopy.visual.grating.GratingStim'>, anchor='center', autoDraw=False, autoLog=True, blendmode='avg', color=array([0.3, 0.3, 0.3]), colorSpace='rgb', contrast=0.3, depth=-1.0, interpolate=True, mask='gauss', maskParams=None, name='grating', opacity=1.0, ori=1.0, phase=array([0., 0.]), pos=array([0., 0.]), rgbPedestal=array([0., 0., 0.]), sf=array([5., 5.]), size=array([0.2, 0.2]), tex='sin', texRes=128.0, units='height', win=Window(...))
70.7203 	EXP 	Created sequence: random, trialTypes=1, nReps=100, seed=None
70.7214 	EXP 	New trial (rep=0, index=0): None
70.8236 	EXP 	grating: ori = -5.0
70.8236 	EXP 	fixation: autoDraw = True
71.7561 	EXP 	grating: autoDraw = True
71.7561 	EXP 	grating: tex = 'sin'
71.8266 	EXP 	fixation: autoDraw = False
72.0600 	EXP 	grating: autoDraw = False
73.5484 	EXP 	New trial (rep=1, index=0): None
73.5516 	DATA 	Keypress: down
73.5626 	EXP 	fixation: autoDraw = False
73.5626 	EXP 	grating: autoDraw = False
73.5626 	EXP 	grating: ori = 0.0
73.5626 	EXP 	fixation: autoDraw = True
74.5599 	EXP 	fixation: autoDraw = False
74.5599 	EXP 	grating: autoDraw = True
74.8599 	EXP 	grating: autoDraw = False
75.2955 	DATA 	Keypress: up
75.3141 	EXP 	New trial (rep=2, index=0): None
75.3296 	EXP 	fixation: autoDraw = False
75.3296 	EXP 	grating: autoDraw = False
75.3296 	EXP 	grating: ori = 0.0
75.3296 	EXP 	fixation: autoDraw = True
76.3128 	EXP 	grating: autoDraw = True
76.3270 	EXP 	fixation: autoDraw = False
76.6265 	EXP 	grating: autoDraw = False
82.8810 	EXP 	New trial (rep=3, index=0): None
82.8827 	DATA 	Keypress: up
82.8961 	EXP 	fixation: autoDraw = False
82.8961 	EXP 	grating: autoDraw = False
82.8961 	EXP 	grating: ori = 0.0
82.8961 	EXP 	fixation: autoDraw = True
83.8795 	EXP 	grating: autoDraw = True
83.8934 	EXP 	fixation: autoDraw = False
84.1933 	EXP 	grating: autoDraw = False
85.3641 	EXP 	New trial (rep=4, index=0): None
85.3659 	DATA 	Keypress: up
85.3790 	EXP 	fixation: autoDraw = False
85.3790 	EXP 	grating: autoDraw = False
85.3790 	EXP 	grating: ori = -3.0
85.3790 	EXP 	fixation: autoDraw = True
86.3628 	EXP 	grating: autoDraw = True
86.3768 	EXP 	fixation: autoDraw = False
86.6768 	EXP 	grating: autoDraw = False
87.3476 	EXP 	New trial (rep=5, index=0): None
87.3494 	DATA 	Keypress: down
87.3633 	EXP 	fixation: autoDraw = False
87.3633 	EXP 	grating: autoDraw = False
87.3633 	EXP 	grating: ori = -2.0
87.3633 	EXP 	fixation: autoDraw = True
88.3459 	EXP 	grating: autoDraw = True
88.3601 	EXP 	fixation: autoDraw = False
88.6600 	EXP 	grating: autoDraw = False
89.0480 	EXP 	New trial (rep=6, index=0): None
89.0498 	DATA 	Keypress: up
89.0630 	EXP 	fixation: autoDraw = False
89.0630 	EXP 	grating: autoDraw = False
89.0630 	EXP 	grating: ori = -4.0
89.0630 	EXP 	fixation: autoDraw = True
90.0604 	EXP 	fixation: autoDraw = False
90.0604 	EXP 	grating: autoDraw = True
90.3600 	EXP 	grating: autoDraw = False
90.7978 	EXP 	New trial (rep=7, index=0): None
90.7996 	DATA 	Keypress: down
90.8126 	EXP 	fixation: autoDraw = False
90.8126 	EXP 	grating: autoDraw = False
90.8126 	EXP 	grating: ori = 0.0
90.8126 	EXP 	fixation: autoDraw = True
91.7963 	EXP 	grating: autoDraw = True
91.8104 	EXP 	fixation: autoDraw = False
92.1101 	EXP 	grating: autoDraw = False
92.5477 	EXP 	New trial (rep=8, index=0): None
92.5494 	DATA 	Keypress: up
92.5630 	EXP 	fixation: autoDraw = False
92.5630 	EXP 	grating: autoDraw = False
92.5630 	EXP 	grating: ori = 0.0
92.5630 	EXP 	fixation: autoDraw = True
93.5461 	EXP 	grating: autoDraw = True
93.5605 	EXP 	fixation: autoDraw = False
93.8600 	EXP 	grating: autoDraw = False
94.2814 	EXP 	New trial (rep=9, index=0): None
94.2831 	DATA 	Keypress: up
94.2960 	EXP 	fixation: autoDraw = False
94.2960 	EXP 	grating: autoDraw = False
94.2960 	EXP 	grating: ori = -5.0
94.2960 	EXP 	fixation: autoDraw = True
95.2799 	EXP 	grating: autoDraw = True
95.2934 	EXP 	fixation: autoDraw = False
95.5931 	EXP 	grating: autoDraw = False
95.9814 	EXP 	New trial (rep=10, index=0): None
95.9831 	DATA 	Keypress: down
95.9964 	EXP 	fixation: autoDraw = False
95.9964 	EXP 	grating: autoDraw = False
95.9964 	EXP 	grating: ori = 0.0
95.9964 	EXP 	fixation: autoDraw = True
96.9797 	EXP 	grating: autoDraw = True
96.9936 	EXP 	fixation: autoDraw = False
97.2933 	EXP 	grating: autoDraw = False
97.6150 	EXP 	New trial (rep=11, index=0): None
97.6167 	DATA 	Keypress: up
97.6303 	EXP 	fixation: autoDraw = False
97.6303 	EXP 	grating: autoDraw = False
97.6303 	EXP 	grating: ori = -5.0
97.6303 	EXP 	fixation: autoDraw = True
98.6269 	EXP 	fixation: autoDraw = False
98.6269 	EXP 	grating: autoDraw = True
98.9266 	EXP 	grating: autoDraw = False
99.6314 	EXP 	New trial (rep=12, index=0): None
99.6331 	DATA 	Keypress: down
99.6461 	EXP 	fixation: autoDraw = False
99.6461 	EXP 	grating: autoDraw = False
99.6461 	EXP 	grating: ori = -5.0
99.6461 	EXP 	fixation: autoDraw = True
100.6295 	EXP 	grating: autoDraw = True
100.6436 	EXP 	fixation: autoDraw = False
100.9432 	EXP 	grating: autoDraw = False
101.1477 	EXP 	New trial (rep=13, index=0): None
101.1494 	DATA 	Keypress: up
101.1626 	EXP 	fixation: autoDraw = False
101.1626 	EXP 	grating: autoDraw = False
101.1626 	EXP 	grating: ori = 0.0
101.1626 	EXP 	fixation: autoDraw = True
102.1465 	EXP 	grating: autoDraw = True
102.1602 	EXP 	fixation: autoDraw = False
102.4604 	EXP 	grating: autoDraw = False
102.9289 	EXP 	New trial (rep=14, index=0): None
102.9299 	DATA 	Keypress: up
102.9462 	EXP 	fixation: autoDraw = False
102.9462 	EXP 	grating: autoDraw = False
102.9462 	EXP 	grating: ori = 3.0
102.9462 	EXP 	fixation: autoDraw = True
103.9296 	EXP 	grating: autoDraw = True
103.9434 	EXP 	fixation: autoDraw = False
104.2432 	EXP 	grating: autoDraw = False
104.7309 	EXP 	New trial (rep=15, index=0): None
104.7326 	DATA 	Keypress: down
104.7460 	EXP 	fixation: autoDraw = False
104.7460 	EXP 	grating: autoDraw = False
104.7460 	EXP 	grating: ori = 0.0
104.7460 	EXP 	fixation: autoDraw = True
105.7296 	EXP 	grating: autoDraw = True
105.7436 	EXP 	fixation: autoDraw = False
106.0435 	EXP 	grating: autoDraw = False
106.4623 	DATA 	Keypress: up
106.4810 	EXP 	New trial (rep=16, index=0): None
106.4960 	EXP 	fixation: autoDraw = False
106.4960 	EXP 	grating: autoDraw = False
106.4960 	EXP 	grating: ori = -2.0
106.4960 	EXP 	fixation: autoDraw = True
107.4793 	EXP 	grating: autoDraw = True
107.4933 	EXP 	fixation: autoDraw = False
107.7935 	EXP 	grating: autoDraw = False
108.2647 	EXP 	New trial (rep=17, index=0): None
108.2664 	DATA 	Keypress: up
108.2792 	EXP 	fixation: autoDraw = False
108.2792 	EXP 	grating: autoDraw = False
108.2792 	EXP 	grating: ori = -5.0
108.2792 	EXP 	fixation: autoDraw = True
109.2630 	EXP 	grating: autoDraw = True
109.2770 	EXP 	fixation: autoDraw = False
109.5771 	EXP 	grating: autoDraw = False
109.9644 	EXP 	New trial (rep=18, index=0): None
109.9662 	DATA 	Keypress: down
109.9797 	EXP 	fixation: autoDraw = False
109.9797 	EXP 	grating: autoDraw = False
109.9797 	EXP 	grating: ori = 0.0
109.9797 	EXP 	fixation: autoDraw = True
110.9632 	EXP 	grating: autoDraw = True
110.9773 	EXP 	fixation: autoDraw = False
111.2768 	EXP 	grating: autoDraw = False
111.6147 	EXP 	New trial (rep=19, index=0): None
111.6164 	DATA 	Keypress: up
111.6297 	EXP 	fixation: autoDraw = False
111.6297 	EXP 	grating: autoDraw = False
111.6297 	EXP 	grating: ori = -3.0
111.6297 	EXP 	fixation: autoDraw = True
112.6130 	EXP 	grating: autoDraw = True
112.6274 	EXP 	fixation: autoDraw = False
112.9269 	EXP 	grating: autoDraw = False
114.6981 	EXP 	New trial (rep=20, index=0): None
114.7001 	DATA 	Keypress: up
114.7129 	EXP 	fixation: autoDraw = False
114.7129 	EXP 	grating: autoDraw = False
114.7129 	EXP 	grating: ori = 0.0
114.7129 	EXP 	fixation: autoDraw = True
115.7106 	EXP 	fixation: autoDraw = False
115.7106 	EXP 	grating: autoDraw = True
116.0104 	EXP 	grating: autoDraw = False
116.4644 	EXP 	New trial (rep=21, index=0): None
116.4661 	DATA 	Keypress: up
116.4799 	EXP 	fixation: autoDraw = False
116.4799 	EXP 	grating: autoDraw = False
116.4799 	EXP 	grating: ori = 0.0
116.4799 	EXP 	fixation: autoDraw = True
117.4635 	EXP 	grating: autoDraw = True
117.4773 	EXP 	fixation: autoDraw = False
117.7767 	EXP 	grating: autoDraw = False
117.8812 	EXP 	New trial (rep=22, index=0): None
117.8828 	DATA 	Keypress: up
117.8966 	EXP 	fixation: autoDraw = False
117.8966 	EXP 	grating: autoDraw = False
117.8966 	EXP 	grating: ori = -5.0
117.8966 	EXP 	fixation: autoDraw = True
118.8796 	EXP 	grating: autoDraw = True
118.8938 	EXP 	fixation: autoDraw = False
119.1940 	EXP 	grating: autoDraw = False
119.4988 	EXP 	New trial (rep=23, index=0): None
119.5006 	DATA 	Keypress: down
119.5133 	EXP 	fixation: autoDraw = False
119.5133 	EXP 	grating: autoDraw = False
119.5133 	EXP 	grating: ori = 0.0
119.5133 	EXP 	fixation: autoDraw = True
120.5108 	EXP 	fixation: autoDraw = False
120.5108 	EXP 	grating: autoDraw = True
120.8106 	EXP 	grating: autoDraw = False
121.1813 	EXP 	New trial (rep=24, index=0): None
121.1833 	DATA 	Keypress: up
121.1967 	EXP 	fixation: autoDraw = False
121.1967 	EXP 	grating: autoDraw = False
121.1967 	EXP 	grating: ori = 0.0
121.1967 	EXP 	fixation: autoDraw = True
122.1796 	EXP 	grating: autoDraw = True
122.1937 	EXP 	fixation: autoDraw = False
122.4935 	EXP 	grating: autoDraw = False
122.8649 	EXP 	New trial (rep=25, index=0): None
122.8666 	DATA 	Keypress: up
122.8801 	EXP 	fixation: autoDraw = False
122.8801 	EXP 	grating: autoDraw = False
122.8801 	EXP 	grating: ori = 2.0
122.8801 	EXP 	fixation: autoDraw = True
123.8768 	EXP 	fixation: autoDraw = False
123.8768 	EXP 	grating: autoDraw = True
124.1767 	EXP 	grating: autoDraw = False
124.3149 	EXP 	New trial (rep=26, index=0): None
124.3166 	DATA 	Keypress: up
124.3298 	EXP 	fixation: autoDraw = False
124.3298 	EXP 	grating: autoDraw = False
124.3298 	EXP 	grating: ori = 2.0
124.3298 	EXP 	fixation: autoDraw = True
125.3131 	EXP 	grating: autoDraw = True
125.3270 	EXP 	fixation: autoDraw = False
125.6272 	EXP 	grating: autoDraw = False
126.1982 	EXP 	New trial (rep=27, index=0): None
126.2000 	DATA 	Keypress: up
126.2128 	EXP 	fixation: autoDraw = False
126.2128 	EXP 	grating: autoDraw = False
126.2128 	EXP 	grating: ori = -5.0
126.2128 	EXP 	fixation: autoDraw = True
127.1967 	EXP 	grating: autoDraw = True
127.2103 	EXP 	fixation: autoDraw = False
127.5105 	EXP 	grating: autoDraw = False
127.6313 	EXP 	New trial (rep=28, index=0): None
127.6330 	DATA 	Keypress: up
127.6467 	EXP 	fixation: autoDraw = False
127.6467 	EXP 	grating: autoDraw = False
127.6467 	EXP 	grating: ori = -3.0
127.6467 	EXP 	fixation: autoDraw = True
128.6300 	EXP 	grating: autoDraw = True
128.6438 	EXP 	fixation: autoDraw = False
128.9436 	EXP 	grating: autoDraw = False
129.3482 	EXP 	New trial (rep=29, index=0): None
129.3500 	DATA 	Keypress: up
129.3623 	EXP 	fixation: autoDraw = False
129.3623 	EXP 	grating: autoDraw = False
129.3623 	EXP 	grating: ori = 4.0
129.3623 	EXP 	fixation: autoDraw = True
130.3605 	EXP 	fixation: autoDraw = False
130.3605 	EXP 	grating: autoDraw = True
130.6607 	EXP 	grating: autoDraw = False
130.8315 	EXP 	New trial (rep=30, index=0): None
130.8332 	DATA 	Keypress: down
130.8461 	EXP 	fixation: autoDraw = False
130.8461 	EXP 	grating: autoDraw = False
130.8461 	EXP 	grating: ori = 4.0
130.8461 	EXP 	fixation: autoDraw = True
131.8297 	EXP 	grating: autoDraw = True
131.8437 	EXP 	fixation: autoDraw = False
132.1435 	EXP 	grating: autoDraw = False
132.7814 	EXP 	New trial (rep=31, index=0): None
132.7832 	DATA 	Keypress: down
132.7966 	EXP 	fixation: autoDraw = False
132.7966 	EXP 	grating: autoDraw = False
132.7966 	EXP 	grating: ori = 0.0
132.7966 	EXP 	fixation: autoDraw = True
133.7796 	EXP 	grating: autoDraw = True
133.7936 	EXP 	fixation: autoDraw = False
134.0936 	EXP 	grating: autoDraw = False
134.5816 	EXP 	New trial (rep=32, index=0): None
134.5833 	DATA 	Keypress: up
134.5966 	EXP 	fixation: autoDraw = False
134.5966 	EXP 	grating: autoDraw = False
134.5966 	EXP 	grating: ori = -4.0
134.5966 	EXP 	fixation: autoDraw = True
135.5799 	EXP 	grating: autoDraw = True
135.5939 	EXP 	fixation: autoDraw = False
135.8937 	EXP 	grating: autoDraw = False
136.4319 	EXP 	New trial (rep=33, index=0): None
136.4339 	DATA 	Keypress: down
136.4466 	EXP 	fixation: autoDraw = False
136.4466 	EXP 	grating: autoDraw = False
136.4466 	EXP 	grating: ori = 0.0
136.4466 	EXP 	fixation: autoDraw = True
137.4299 	EXP 	grating: autoDraw = True
137.4441 	EXP 	fixation: autoDraw = False
137.7438 	EXP 	grating: autoDraw = False
138.1645 	EXP 	New trial (rep=34, index=0): None
138.1662 	DATA 	Keypress: up
138.1795 	EXP 	fixation: autoDraw = False
138.1795 	EXP 	grating: autoDraw = False
138.1795 	EXP 	grating: ori = 0.0
138.1795 	EXP 	fixation: autoDraw = True
139.1631 	EXP 	grating: autoDraw = True
139.1770 	EXP 	fixation: autoDraw = False
139.4771 	EXP 	grating: autoDraw = False
139.9330 	EXP 	New trial (rep=35, index=0): None
139.9349 	DATA 	Keypress: up
139.9465 	EXP 	fixation: autoDraw = False
139.9465 	EXP 	grating: autoDraw = False
139.9465 	EXP 	grating: ori = 0.0
139.9465 	EXP 	fixation: autoDraw = True
140.9439 	EXP 	fixation: autoDraw = False
140.9439 	EXP 	grating: autoDraw = True
141.2436 	EXP 	grating: autoDraw = False
141.4814 	EXP 	New trial (rep=36, index=0): None
141.4831 	DATA 	Keypress: up
141.4964 	EXP 	fixation: autoDraw = False
141.4964 	EXP 	grating: autoDraw = False
141.4964 	EXP 	grating: ori = 0.0
141.4964 	EXP 	fixation: autoDraw = True
142.4802 	EXP 	grating: autoDraw = True
142.4938 	EXP 	fixation: autoDraw = False
142.7938 	EXP 	grating: autoDraw = False
143.1482 	EXP 	New trial (rep=37, index=0): None
143.1499 	DATA 	Keypress: up
143.1632 	EXP 	fixation: autoDraw = False
143.1632 	EXP 	grating: autoDraw = False
143.1632 	EXP 	grating: ori = 2.0
143.1632 	EXP 	fixation: autoDraw = True
144.1467 	EXP 	grating: autoDraw = True
144.1606 	EXP 	fixation: autoDraw = False
144.4607 	EXP 	grating: autoDraw = False
145.6816 	EXP 	New trial (rep=38, index=0): None
145.6833 	DATA 	Keypress: down
145.6964 	EXP 	fixation: autoDraw = False
145.6964 	EXP 	grating: autoDraw = False
145.6964 	EXP 	grating: ori = -4.0
145.6964 	EXP 	fixation: autoDraw = True
146.6940 	EXP 	fixation: autoDraw = False
146.6940 	EXP 	grating: autoDraw = True
146.9937 	EXP 	grating: autoDraw = False
147.3487 	EXP 	New trial (rep=39, index=0): None
147.3504 	DATA 	Keypress: down
147.3633 	EXP 	fixation: autoDraw = False
147.3633 	EXP 	grating: autoDraw = False
147.3633 	EXP 	grating: ori = 0.0
147.3633 	EXP 	fixation: autoDraw = True
148.3466 	EXP 	grating: autoDraw = True
148.3606 	EXP 	fixation: autoDraw = False
148.6605 	EXP 	grating: autoDraw = False
149.0648 	EXP 	New trial (rep=40, index=0): None
149.0666 	DATA 	Keypress: up
149.0802 	EXP 	fixation: autoDraw = False
149.0802 	EXP 	grating: autoDraw = False
149.0802 	EXP 	grating: ori = 0.0
149.0802 	EXP 	fixation: autoDraw = True
150.0634 	EXP 	grating: autoDraw = True
150.0773 	EXP 	fixation: autoDraw = False
150.3771 	EXP 	grating: autoDraw = False
151.3151 	EXP 	New trial (rep=41, index=0): None
151.3168 	DATA 	Keypress: up
151.3298 	EXP 	fixation: autoDraw = False
151.3298 	EXP 	grating: autoDraw = False
151.3298 	EXP 	grating: ori = 0.0
151.3298 	EXP 	fixation: autoDraw = True
152.3139 	EXP 	grating: autoDraw = True
152.3273 	EXP 	fixation: autoDraw = False
152.6271 	EXP 	grating: autoDraw = False
152.8151 	EXP 	New trial (rep=42, index=0): None
152.8168 	DATA 	Keypress: up
152.8301 	EXP 	fixation: autoDraw = False
152.8301 	EXP 	grating: autoDraw = False
152.8301 	EXP 	grating: ori = -3.0
152.8301 	EXP 	fixation: autoDraw = True
153.8134 	EXP 	grating: autoDraw = True
153.8271 	EXP 	fixation: autoDraw = False
154.1271 	EXP 	grating: autoDraw = False
154.6480 	EXP 	New trial (rep=43, index=0): None
154.6497 	DATA 	Keypress: up
154.6631 	EXP 	fixation: autoDraw = False
154.6631 	EXP 	grating: autoDraw = False
154.6631 	EXP 	grating: ori = 4.0
154.6631 	EXP 	fixation: autoDraw = True
155.6467 	EXP 	grating: autoDraw = True
155.6606 	EXP 	fixation: autoDraw = False
155.9604 	EXP 	grating: autoDraw = False
156.3657 	EXP 	New trial (rep=44, index=0): None
156.3675 	DATA 	Keypress: down
156.3798 	EXP 	fixation: autoDraw = False
156.3798 	EXP 	grating: autoDraw = False
156.3798 	EXP 	grating: ori = 0.0
156.3798 	EXP 	fixation: autoDraw = True
157.1488 	DATA 	Keypress: down
157.3773 	EXP 	fixation: autoDraw = False
157.3773 	EXP 	grating: autoDraw = True
157.6772 	EXP 	grating: autoDraw = False
158.3817 	EXP 	New trial (rep=45, index=0): None
158.3834 	DATA 	Keypress: up
158.3966 	EXP 	fixation: autoDraw = False
158.3966 	EXP 	grating: autoDraw = False
158.3966 	EXP 	grating: ori = 4.0
158.3966 	EXP 	fixation: autoDraw = True
159.3801 	EXP 	grating: autoDraw = True
159.3938 	EXP 	fixation: autoDraw = False
159.6940 	EXP 	grating: autoDraw = False
160.1150 	EXP 	New trial (rep=46, index=0): None
160.1168 	DATA 	Keypress: down
160.1301 	EXP 	fixation: autoDraw = False
160.1301 	EXP 	grating: autoDraw = False
160.1301 	EXP 	grating: ori = 0.0
160.1301 	EXP 	fixation: autoDraw = True
161.1133 	EXP 	grating: autoDraw = True
161.1273 	EXP 	fixation: autoDraw = False
161.4273 	EXP 	grating: autoDraw = False
161.7483 	EXP 	New trial (rep=47, index=0): None
161.7500 	DATA 	Keypress: up
161.7633 	EXP 	fixation: autoDraw = False
161.7633 	EXP 	grating: autoDraw = False
161.7633 	EXP 	grating: ori = 3.0
161.7633 	EXP 	fixation: autoDraw = True
162.7469 	EXP 	grating: autoDraw = True
162.7609 	EXP 	fixation: autoDraw = False
163.0607 	EXP 	grating: autoDraw = False
163.4984 	EXP 	New trial (rep=48, index=0): None
163.5001 	DATA 	Keypress: up
163.5137 	EXP 	fixation: autoDraw = False
163.5137 	EXP 	grating: autoDraw = False
163.5137 	EXP 	grating: ori = -3.0
163.5137 	EXP 	fixation: autoDraw = True
164.4967 	EXP 	grating: autoDraw = True
164.5109 	EXP 	fixation: autoDraw = False
164.8105 	EXP 	grating: autoDraw = False
165.2847 	EXP 	New trial (rep=49, index=0): None
165.2856 	DATA 	Keypress: down
165.2907 	EXP 	fixation: autoDraw = False
165.2907 	EXP 	grating: autoDraw = False
165.2907 	EXP 	grating: ori = -4.0
165.2907 	EXP 	fixation: autoDraw = True
166.2940 	EXP 	fixation: autoDraw = False
166.2940 	EXP 	grating: autoDraw = True
166.5940 	EXP 	grating: autoDraw = False
166.9485 	EXP 	New trial (rep=50, index=0): None
166.9502 	DATA 	Keypress: up
166.9636 	EXP 	fixation: autoDraw = False
166.9636 	EXP 	grating: autoDraw = False
166.9636 	EXP 	grating: ori = -2.0
166.9636 	EXP 	fixation: autoDraw = True
167.9467 	EXP 	grating: autoDraw = True
167.9610 	EXP 	fixation: autoDraw = False
168.2604 	EXP 	grating: autoDraw = False
168.5154 	EXP 	New trial (rep=51, index=0): None
168.5171 	DATA 	Keypress: up
168.5299 	EXP 	fixation: autoDraw = False
168.5299 	EXP 	grating: autoDraw = False
168.5299 	EXP 	grating: ori = -4.0
168.5299 	EXP 	fixation: autoDraw = True
169.5136 	EXP 	grating: autoDraw = True
169.5273 	EXP 	fixation: autoDraw = False
169.8272 	EXP 	grating: autoDraw = False
174.6309 	EXP 	New trial (rep=52, index=0): None
174.6323 	DATA 	Keypress: up
174.6469 	EXP 	fixation: autoDraw = False
174.6469 	EXP 	grating: autoDraw = False
174.6469 	EXP 	grating: ori = 0.0
174.6469 	EXP 	fixation: autoDraw = True
175.6303 	EXP 	grating: autoDraw = True
175.6444 	EXP 	fixation: autoDraw = False
175.9439 	EXP 	grating: autoDraw = False
176.9319 	EXP 	New trial (rep=53, index=0): None
176.9337 	DATA 	Keypress: up
176.9468 	EXP 	fixation: autoDraw = False
176.9468 	EXP 	grating: autoDraw = False
176.9468 	EXP 	grating: ori = -3.0
176.9468 	EXP 	fixation: autoDraw = True
177.9300 	EXP 	grating: autoDraw = True
177.9443 	EXP 	fixation: autoDraw = False
178.2440 	EXP 	grating: autoDraw = False
178.4152 	EXP 	New trial (rep=54, index=0): None
178.4169 	DATA 	Keypress: up
178.4303 	EXP 	fixation: autoDraw = False
178.4303 	EXP 	grating: autoDraw = False
178.4303 	EXP 	grating: ori = 0.0
178.4303 	EXP 	fixation: autoDraw = True
179.4137 	EXP 	grating: autoDraw = True
179.4276 	EXP 	fixation: autoDraw = False
179.7274 	EXP 	grating: autoDraw = False
184.5483 	EXP 	New trial (rep=55, index=0): None
184.5500 	DATA 	Keypress: up
184.5636 	EXP 	fixation: autoDraw = False
184.5636 	EXP 	grating: autoDraw = False
184.5636 	EXP 	grating: ori = -3.0
184.5636 	EXP 	fixation: autoDraw = True
185.5471 	EXP 	grating: autoDraw = True
185.5539 	DATA 	Keypress: up
185.5610 	EXP 	fixation: autoDraw = False
185.8606 	EXP 	grating: autoDraw = False
186.3154 	EXP 	New trial (rep=56, index=0): None
186.3171 	DATA 	Keypress: up
186.3304 	EXP 	fixation: autoDraw = False
186.3304 	EXP 	grating: autoDraw = False
186.3304 	EXP 	grating: ori = -4.0
186.3304 	EXP 	fixation: autoDraw = True
187.3135 	EXP 	grating: autoDraw = True
187.3279 	EXP 	fixation: autoDraw = False
187.6275 	EXP 	grating: autoDraw = False
190.0653 	EXP 	New trial (rep=57, index=0): None
190.0670 	DATA 	Keypress: up
190.0803 	EXP 	fixation: autoDraw = False
190.0803 	EXP 	grating: autoDraw = False
190.0803 	EXP 	grating: ori = -4.0
190.0803 	EXP 	fixation: autoDraw = True
191.0638 	EXP 	grating: autoDraw = True
191.0775 	EXP 	fixation: autoDraw = False
191.3778 	EXP 	grating: autoDraw = False
194.6817 	EXP 	New trial (rep=58, index=0): None
194.6838 	DATA 	Keypress: up
194.6968 	EXP 	fixation: autoDraw = False
194.6968 	EXP 	grating: autoDraw = False
194.6968 	EXP 	grating: ori = 4.0
194.6968 	EXP 	fixation: autoDraw = True
195.3659 	DATA 	Keypress: up
195.6807 	EXP 	grating: autoDraw = True
195.6942 	EXP 	fixation: autoDraw = False
195.9940 	EXP 	grating: autoDraw = False
196.4989 	EXP 	New trial (rep=59, index=0): None
196.5006 	DATA 	Keypress: up
196.5136 	EXP 	fixation: autoDraw = False
196.5136 	EXP 	grating: autoDraw = False
196.5136 	EXP 	grating: ori = -4.0
196.5136 	EXP 	fixation: autoDraw = True
197.4970 	EXP 	grating: autoDraw = True
197.5109 	EXP 	fixation: autoDraw = False
197.8108 	EXP 	grating: autoDraw = False
197.9987 	EXP 	New trial (rep=60, index=0): None
198.0006 	DATA 	Keypress: up
198.0139 	EXP 	fixation: autoDraw = False
198.0139 	EXP 	grating: autoDraw = False
198.0139 	EXP 	grating: ori = 0.0
198.0139 	EXP 	fixation: autoDraw = True
199.0112 	EXP 	fixation: autoDraw = False
199.0112 	EXP 	grating: autoDraw = True
199.3109 	EXP 	grating: autoDraw = False
202.7823 	EXP 	New trial (rep=61, index=0): None
202.7840 	DATA 	Keypress: up
202.7970 	EXP 	fixation: autoDraw = False
202.7970 	EXP 	grating: autoDraw = False
202.7970 	EXP 	grating: ori = -2.0
202.7970 	EXP 	fixation: autoDraw = True
203.6824 	DATA 	Keypress: up
203.7805 	EXP 	grating: autoDraw = True
203.7943 	EXP 	fixation: autoDraw = False
204.0946 	EXP 	grating: autoDraw = False
206.2491 	EXP 	New trial (rep=62, index=0): None
206.2509 	DATA 	Keypress: up
206.2635 	EXP 	fixation: autoDraw = False
206.2635 	EXP 	grating: autoDraw = False
206.2635 	EXP 	grating: ori = 0.0
206.2635 	EXP 	fixation: autoDraw = True
207.2609 	EXP 	fixation: autoDraw = False
207.2609 	EXP 	grating: autoDraw = True
207.5609 	EXP 	grating: autoDraw = False
207.9157 	EXP 	New trial (rep=63, index=0): None
207.9173 	DATA 	Keypress: up
207.9301 	EXP 	fixation: autoDraw = False
207.9301 	EXP 	grating: autoDraw = False
207.9301 	EXP 	grating: ori = 3.0
207.9301 	EXP 	fixation: autoDraw = True
208.9279 	EXP 	fixation: autoDraw = False
208.9279 	EXP 	grating: autoDraw = True
209.2274 	EXP 	grating: autoDraw = False
213.0986 	EXP 	New trial (rep=64, index=0): None
213.1003 	DATA 	Keypress: up
213.1138 	EXP 	fixation: autoDraw = False
213.1138 	EXP 	grating: autoDraw = False
213.1138 	EXP 	grating: ori = 0.0
213.1138 	EXP 	fixation: autoDraw = True
213.7990 	DATA 	Keypress: up
214.0970 	EXP 	grating: autoDraw = True
214.1111 	EXP 	fixation: autoDraw = False
214.4111 	EXP 	grating: autoDraw = False
215.7984 	EXP 	New trial (rep=65, index=0): None
215.8016 	DATA 	Keypress: up
215.8141 	EXP 	fixation: autoDraw = False
215.8141 	EXP 	grating: autoDraw = False
215.8141 	EXP 	grating: ori = 2.0
215.8141 	EXP 	fixation: autoDraw = True
216.7984 	EXP 	grating: autoDraw = True
216.8118 	EXP 	fixation: autoDraw = False
217.1112 	EXP 	grating: autoDraw = False
217.8658 	EXP 	New trial (rep=66, index=0): None
217.8674 	DATA 	Keypress: up
217.8802 	EXP 	fixation: autoDraw = False
217.8802 	EXP 	grating: autoDraw = False
217.8802 	EXP 	grating: ori = -4.0
217.8802 	EXP 	fixation: autoDraw = True
218.8638 	EXP 	grating: autoDraw = True
218.8779 	EXP 	fixation: autoDraw = False
219.1777 	EXP 	grating: autoDraw = False
221.5481 	EXP 	New trial (rep=67, index=0): None
221.5501 	DATA 	Keypress: up
221.5640 	EXP 	fixation: autoDraw = False
221.5640 	EXP 	grating: autoDraw = False
221.5640 	EXP 	grating: ori = -5.0
221.5640 	EXP 	fixation: autoDraw = True
222.5472 	EXP 	grating: autoDraw = True
222.5612 	EXP 	fixation: autoDraw = False
222.8610 	EXP 	grating: autoDraw = False
230.0327 	EXP 	New trial (rep=68, index=0): None
230.0345 	DATA 	Keypress: up
230.0472 	EXP 	fixation: autoDraw = False
230.0472 	EXP 	grating: autoDraw = False
230.0472 	EXP 	grating: ori = 4.0
230.0472 	EXP 	fixation: autoDraw = True
231.0308 	EXP 	grating: autoDraw = True
231.0448 	EXP 	fixation: autoDraw = False
231.3445 	EXP 	grating: autoDraw = False
231.8821 	EXP 	New trial (rep=69, index=0): None
231.8838 	DATA 	Keypress: down
231.8977 	EXP 	fixation: autoDraw = False
231.8977 	EXP 	grating: autoDraw = False
231.8977 	EXP 	grating: ori = 0.0
231.8977 	EXP 	fixation: autoDraw = True
232.8804 	EXP 	grating: autoDraw = True
232.8946 	EXP 	fixation: autoDraw = False
233.1944 	EXP 	grating: autoDraw = False
233.4323 	EXP 	New trial (rep=70, index=0): None
233.4340 	DATA 	Keypress: up
233.4470 	EXP 	fixation: autoDraw = False
233.4470 	EXP 	grating: autoDraw = False
233.4470 	EXP 	grating: ori = 0.0
233.4470 	EXP 	fixation: autoDraw = True
234.4307 	EXP 	grating: autoDraw = True
234.4446 	EXP 	fixation: autoDraw = False
234.7444 	EXP 	grating: autoDraw = False
235.1989 	EXP 	New trial (rep=71, index=0): None
235.2008 	DATA 	Keypress: up
235.2142 	EXP 	fixation: autoDraw = False
235.2142 	EXP 	grating: autoDraw = False
235.2142 	EXP 	grating: ori = -4.0
235.2142 	EXP 	fixation: autoDraw = True
236.1977 	EXP 	grating: autoDraw = True
236.2113 	EXP 	fixation: autoDraw = False
236.5113 	EXP 	grating: autoDraw = False
237.0157 	EXP 	New trial (rep=72, index=0): None
237.0175 	DATA 	Keypress: down
237.0305 	EXP 	fixation: autoDraw = False
237.0305 	EXP 	grating: autoDraw = False
237.0305 	EXP 	grating: ori = 3.0
237.0305 	EXP 	fixation: autoDraw = True
238.0278 	EXP 	fixation: autoDraw = False
238.0278 	EXP 	grating: autoDraw = True
238.3279 	EXP 	grating: autoDraw = False
239.0324 	EXP 	New trial (rep=73, index=0): None
239.0341 	DATA 	Keypress: down
239.0473 	EXP 	fixation: autoDraw = False
239.0473 	EXP 	grating: autoDraw = False
239.0473 	EXP 	grating: ori = 0.0
239.0473 	EXP 	fixation: autoDraw = True
240.0448 	EXP 	fixation: autoDraw = False
240.0448 	EXP 	grating: autoDraw = True
240.3444 	EXP 	grating: autoDraw = False
240.6808 	DATA 	Keypress: up
240.6989 	EXP 	New trial (rep=74, index=0): None
240.7141 	EXP 	fixation: autoDraw = False
240.7141 	EXP 	grating: autoDraw = False
240.7141 	EXP 	grating: ori = 0.0
240.7141 	EXP 	fixation: autoDraw = True
241.6971 	EXP 	grating: autoDraw = True
241.7117 	EXP 	fixation: autoDraw = False
242.0113 	EXP 	grating: autoDraw = False
242.5153 	EXP 	New trial (rep=75, index=0): None
242.5171 	DATA 	Keypress: up
242.5308 	EXP 	fixation: autoDraw = False
242.5308 	EXP 	grating: autoDraw = False
242.5308 	EXP 	grating: ori = 0.0
242.5308 	EXP 	fixation: autoDraw = True
243.5138 	EXP 	grating: autoDraw = True
243.5281 	EXP 	fixation: autoDraw = False
243.8279 	EXP 	grating: autoDraw = False
244.1487 	EXP 	New trial (rep=76, index=0): None
244.1504 	DATA 	Keypress: up
244.1639 	EXP 	fixation: autoDraw = False
244.1639 	EXP 	grating: autoDraw = False
244.1639 	EXP 	grating: ori = -2.0
244.1639 	EXP 	fixation: autoDraw = True
245.1474 	EXP 	grating: autoDraw = True
245.1614 	EXP 	fixation: autoDraw = False
245.4615 	EXP 	grating: autoDraw = False
245.9821 	EXP 	New trial (rep=77, index=0): None
245.9838 	DATA 	Keypress: up
245.9974 	EXP 	fixation: autoDraw = False
245.9974 	EXP 	grating: autoDraw = False
245.9974 	EXP 	grating: ori = 3.0
245.9974 	EXP 	fixation: autoDraw = True
246.9807 	EXP 	grating: autoDraw = True
246.9944 	EXP 	fixation: autoDraw = False
247.2943 	EXP 	grating: autoDraw = False
247.7321 	EXP 	New trial (rep=78, index=0): None
247.7338 	DATA 	Keypress: down
247.7471 	EXP 	fixation: autoDraw = False
247.7471 	EXP 	grating: autoDraw = False
247.7471 	EXP 	grating: ori = 1.0
247.7471 	EXP 	fixation: autoDraw = True
248.7306 	EXP 	grating: autoDraw = True
248.7447 	EXP 	fixation: autoDraw = False
249.0446 	EXP 	grating: autoDraw = False
249.3320 	EXP 	New trial (rep=79, index=0): None
249.3336 	DATA 	Keypress: up
249.3472 	EXP 	fixation: autoDraw = False
249.3472 	EXP 	grating: autoDraw = False
249.3472 	EXP 	grating: ori = 0.0
249.3472 	EXP 	fixation: autoDraw = True
250.3308 	EXP 	grating: autoDraw = True
250.3451 	EXP 	fixation: autoDraw = False
250.6445 	EXP 	grating: autoDraw = False
250.9828 	EXP 	New trial (rep=80, index=0): None
250.9845 	DATA 	Keypress: up
250.9970 	EXP 	fixation: autoDraw = False
250.9970 	EXP 	grating: autoDraw = False
250.9970 	EXP 	grating: ori = -3.0
250.9970 	EXP 	fixation: autoDraw = True
251.9946 	EXP 	fixation: autoDraw = False
251.9946 	EXP 	grating: autoDraw = True
252.2942 	EXP 	grating: autoDraw = False
252.5154 	EXP 	New trial (rep=81, index=0): None
252.5171 	DATA 	Keypress: up
252.5306 	EXP 	fixation: autoDraw = False
252.5306 	EXP 	grating: autoDraw = False
252.5306 	EXP 	grating: ori = 0.0
252.5306 	EXP 	fixation: autoDraw = True
253.5141 	EXP 	grating: autoDraw = True
253.5281 	EXP 	fixation: autoDraw = False
253.8279 	EXP 	grating: autoDraw = False
254.4156 	EXP 	New trial (rep=82, index=0): None
254.4173 	DATA 	Keypress: up
254.4307 	EXP 	fixation: autoDraw = False
254.4307 	EXP 	grating: autoDraw = False
254.4307 	EXP 	grating: ori = 0.0
254.4307 	EXP 	fixation: autoDraw = True
255.4141 	EXP 	grating: autoDraw = True
255.4283 	EXP 	fixation: autoDraw = False
255.7279 	EXP 	grating: autoDraw = False
255.9323 	EXP 	New trial (rep=83, index=0): None
255.9340 	DATA 	Keypress: up
255.9475 	EXP 	fixation: autoDraw = False
255.9475 	EXP 	grating: autoDraw = False
255.9475 	EXP 	grating: ori = -2.0
255.9475 	EXP 	fixation: autoDraw = True
256.9307 	EXP 	grating: autoDraw = True
256.9447 	EXP 	fixation: autoDraw = False
257.2444 	EXP 	grating: autoDraw = False
257.5327 	EXP 	New trial (rep=84, index=0): None
257.5344 	DATA 	Keypress: up
257.5465 	EXP 	fixation: autoDraw = False
257.5465 	EXP 	grating: autoDraw = False
257.5465 	EXP 	grating: ori = 1.0
257.5465 	EXP 	fixation: autoDraw = True
258.5449 	EXP 	fixation: autoDraw = False
258.5449 	EXP 	grating: autoDraw = True
258.8443 	EXP 	grating: autoDraw = False
258.9992 	EXP 	New trial (rep=85, index=0): None
259.0009 	DATA 	Keypress: up
259.0139 	EXP 	fixation: autoDraw = False
259.0139 	EXP 	grating: autoDraw = False
259.0139 	EXP 	grating: ori = 0.0
259.0139 	EXP 	fixation: autoDraw = True
259.9975 	EXP 	grating: autoDraw = True
260.0113 	EXP 	fixation: autoDraw = False
260.3117 	EXP 	grating: autoDraw = False
260.4657 	EXP 	New trial (rep=86, index=0): None
260.4674 	DATA 	Keypress: up
260.4809 	EXP 	fixation: autoDraw = False
260.4809 	EXP 	grating: autoDraw = False
260.4809 	EXP 	grating: ori = 2.0
260.4809 	EXP 	fixation: autoDraw = True
261.4643 	EXP 	grating: autoDraw = True
261.4781 	EXP 	fixation: autoDraw = False
261.7777 	EXP 	grating: autoDraw = False
261.7821 	EXP 	New trial (rep=87, index=0): None
261.7838 	DATA 	Keypress: up
261.7970 	EXP 	fixation: autoDraw = False
261.7970 	EXP 	grating: autoDraw = False
261.7970 	EXP 	grating: ori = 4.0
261.7970 	EXP 	fixation: autoDraw = True
262.7809 	EXP 	grating: autoDraw = True
262.7949 	EXP 	fixation: autoDraw = False
263.0947 	EXP 	grating: autoDraw = False
263.5160 	EXP 	New trial (rep=88, index=0): None
263.5177 	DATA 	Keypress: down
263.5309 	EXP 	fixation: autoDraw = False
263.5309 	EXP 	grating: autoDraw = False
263.5309 	EXP 	grating: ori = -3.0
263.5309 	EXP 	fixation: autoDraw = True
264.5284 	EXP 	fixation: autoDraw = False
264.5284 	EXP 	grating: autoDraw = True
264.8280 	EXP 	grating: autoDraw = False
265.2342 	EXP 	New trial (rep=89, index=0): None
265.2373 	DATA 	Keypress: up
265.2476 	EXP 	fixation: autoDraw = False
265.2476 	EXP 	grating: autoDraw = False
265.2476 	EXP 	grating: ori = 0.0
265.2476 	EXP 	fixation: autoDraw = True
266.2449 	EXP 	fixation: autoDraw = False
266.2449 	EXP 	grating: autoDraw = True
266.5453 	EXP 	grating: autoDraw = False
267.1824 	EXP 	New trial (rep=90, index=0): None
267.1843 	DATA 	Keypress: up
267.1976 	EXP 	fixation: autoDraw = False
267.1976 	EXP 	grating: autoDraw = False
267.1976 	EXP 	grating: ori = 4.0
267.1976 	EXP 	fixation: autoDraw = True
268.1806 	EXP 	grating: autoDraw = True
268.1948 	EXP 	fixation: autoDraw = False
268.4948 	EXP 	grating: autoDraw = False
269.2665 	EXP 	New trial (rep=91, index=0): None
269.2683 	DATA 	Keypress: down
269.2805 	EXP 	fixation: autoDraw = False
269.2805 	EXP 	grating: autoDraw = False
269.2805 	EXP 	grating: ori = -3.0
269.2805 	EXP 	fixation: autoDraw = True
270.2783 	EXP 	fixation: autoDraw = False
270.2783 	EXP 	grating: autoDraw = True
270.5781 	EXP 	grating: autoDraw = False
270.8659 	EXP 	New trial (rep=92, index=0): None
270.8683 	DATA 	Keypress: up
270.8809 	EXP 	fixation: autoDraw = False
270.8809 	EXP 	grating: autoDraw = False
270.8809 	EXP 	grating: ori = 0.0
270.8809 	EXP 	fixation: autoDraw = True
271.8646 	EXP 	grating: autoDraw = True
271.8782 	EXP 	fixation: autoDraw = False
272.1782 	EXP 	grating: autoDraw = False
272.5992 	EXP 	New trial (rep=93, index=0): None
272.6009 	DATA 	Keypress: up
272.6141 	EXP 	fixation: autoDraw = False
272.6141 	EXP 	grating: autoDraw = False
272.6141 	EXP 	grating: ori = 4.0
272.6141 	EXP 	fixation: autoDraw = True
273.5975 	EXP 	grating: autoDraw = True
273.6117 	EXP 	fixation: autoDraw = False
273.9115 	EXP 	grating: autoDraw = False
274.2656 	EXP 	New trial (rep=94, index=0): None
274.2673 	DATA 	Keypress: up
274.2806 	EXP 	fixation: autoDraw = False
274.2806 	EXP 	grating: autoDraw = False
274.2806 	EXP 	grating: ori = 0.0
274.2806 	EXP 	fixation: autoDraw = True
275.2643 	EXP 	grating: autoDraw = True
275.2782 	EXP 	fixation: autoDraw = False
275.5779 	EXP 	grating: autoDraw = False
276.1994 	EXP 	New trial (rep=95, index=0): None
276.2012 	DATA 	Keypress: up
276.2144 	EXP 	fixation: autoDraw = False
276.2144 	EXP 	grating: autoDraw = False
276.2144 	EXP 	grating: ori = -5.0
276.2144 	EXP 	fixation: autoDraw = True
277.2116 	EXP 	fixation: autoDraw = False
277.2116 	EXP 	grating: autoDraw = True
277.5119 	EXP 	grating: autoDraw = False
277.9803 	DATA 	Keypress: down
277.9991 	EXP 	New trial (rep=96, index=0): None
278.0142 	EXP 	fixation: autoDraw = False
278.0142 	EXP 	grating: autoDraw = False
278.0142 	EXP 	grating: ori = 1.0
278.0142 	EXP 	fixation: autoDraw = True
278.9975 	EXP 	grating: autoDraw = True
279.0119 	EXP 	fixation: autoDraw = False
279.3118 	EXP 	grating: autoDraw = False
279.6324 	EXP 	New trial (rep=97, index=0): None
279.6341 	DATA 	Keypress: up
279.6476 	EXP 	fixation: autoDraw = False
279.6476 	EXP 	grating: autoDraw = False
279.6476 	EXP 	grating: ori = 0.0
279.6476 	EXP 	fixation: autoDraw = True
280.6310 	EXP 	grating: autoDraw = True
280.6448 	EXP 	fixation: autoDraw = False
280.9453 	EXP 	grating: autoDraw = False
281.1164 	EXP 	New trial (rep=98, index=0): None
281.1182 	DATA 	Keypress: up
281.1310 	EXP 	fixation: autoDraw = False
281.1310 	EXP 	grating: autoDraw = False
281.1310 	EXP 	grating: ori = 1.0
281.1310 	EXP 	fixation: autoDraw = True
282.1285 	EXP 	fixation: autoDraw = False
282.1285 	EXP 	grating: autoDraw = True
282.4281 	EXP 	grating: autoDraw = False
282.6991 	EXP 	New trial (rep=99, index=0): None
282.7008 	DATA 	Keypress: up
282.7141 	EXP 	fixation: autoDraw = False
282.7141 	EXP 	grating: autoDraw = False
282.7141 	EXP 	grating: ori = 0.0
282.7141 	EXP 	fixation: autoDraw = True
283.6977 	EXP 	grating: autoDraw = True
283.7116 	EXP 	fixation: autoDraw = False
284.0115 	EXP 	grating: autoDraw = False
284.5990 	DATA 	Keypress: up
284.6119 	EXP 	fixation: autoDraw = False
284.6119 	EXP 	grating: autoDraw = False
284.8971 	EXP 	window1: mouseVisible = True
